<?xml version="1.0" encoding="UTF-8"?>
<!-- Generated by org.testng.reporters.JUnitReportReporter -->
<testsuite hostname="LENOVO-NIKHIL" failures="0" tests="1" name="com.webautomation.runner.TestNGRunner" time="60.478" errors="0" timestamp="16 Jul 2019 21:09:22 GMT" skipped="0">
  <testcase classname="com.webautomation.runner.TestNGRunner" name="runScenario" time="60.478"/>
</testsuite> <!-- com.webautomation.runner.TestNGRunner -->
